0 info it worked if it ends with ok
1 verbose cli [ 'C:\\Program Files\\nodejs\\node.exe',
1 verbose cli   'C:\\Program Files\\nodejs\\node_modules\\npm\\bin\\npm-cli.js',
1 verbose cli   'run',
1 verbose cli   'browser-sync' ]
2 info using npm@3.10.10
3 info using node@v6.11.3
4 verbose run-script [ 'prebrowser-sync', 'browser-sync', 'postbrowser-sync' ]
5 info lifecycle verkefni6@0.6.0~prebrowser-sync: verkefni6@0.6.0
6 silly lifecycle verkefni6@0.6.0~prebrowser-sync: no script for prebrowser-sync, continuing
7 info lifecycle verkefni6@0.6.0~browser-sync: verkefni6@0.6.0
8 verbose lifecycle verkefni6@0.6.0~browser-sync: unsafe-perm in lifecycle true
9 verbose lifecycle verkefni6@0.6.0~browser-sync: PATH: C:\Program Files\nodejs\node_modules\npm\bin\node-gyp-bin;C:\Users\Hörn\Documents\Skólinn\HÍ\4. ár\7. misseri\Vefforritun\stortverkefni1vefforritun\node_modules\.bin;C:\ProgramData\Oracle\Java\javapath;C:\Users\Hörn\introcs\java\bin;C:\Program Files (x86)\Intel\iCLS Client\;C:\Program Files\Intel\iCLS Client\;C:\Windows\system32;C:\Windows;C:\Windows\System32\Wbem;C:\Windows\System32\WindowsPowerShell\v1.0\;C:\Program Files\Intel\Intel(R) Management Engine Components\DAL;C:\Program Files\Intel\Intel(R) Management Engine Components\IPT;C:\Program Files (x86)\Intel\Intel(R) Management Engine Components\DAL;C:\Program Files (x86)\Intel\Intel(R) Management Engine Components\IPT;C:\Program Files (x86)\Intel\OpenCL SDK\3.0\bin\x86;C:\Program Files (x86)\Intel\OpenCL SDK\3.0\bin\x64;C:\Program Files\Lenovo\Fingerprint Manager Pro\;C:\Program Files (x86)\Common Files\Lenovo;C:\SWTOOLS\ReadyApps;C:\Program Files (x86)\Lenovo\Access Connections\;C:\Program Files\MATLAB\R2014a\bin;C:\Program Files (x86)\Skype\Phone\;C:\Program Files\Intel\WiFi\bin\;C:\Program Files\Common Files\Intel\WirelessCommon\;C:\CamlLight\bin;C:\Program Files\nodejs\;C:\Ruby24-x64\bin;C:\Users\Hörn\AppData\Local\Programs\Python\Python35-32\Scripts\;C:\Users\Hörn\AppData\Local\Programs\Python\Python35-32\;C:\Users\Hörn\introcs\j3d\bin;C:\Users\Hörn\introcs\bin;C:\Users\Hörn\introcs\java\bin;C:\Program Files\Intel\WiFi\bin\;C:\Program Files\Common Files\Intel\WirelessCommon\;C:\Users\Hörn\AppData\Roaming\npm
10 verbose lifecycle verkefni6@0.6.0~browser-sync: CWD: C:\Users\Hörn\Documents\Skólinn\HÍ\4. ár\7. misseri\Vefforritun\stortverkefni1vefforritun
11 silly lifecycle verkefni6@0.6.0~browser-sync: Args: [ '/d /s /c',
11 silly lifecycle   'browser-sync start --server --files index.html styles.css' ]
12 silly lifecycle verkefni6@0.6.0~browser-sync: Returned: code: 3221225786  signal: null
13 info lifecycle verkefni6@0.6.0~browser-sync: Failed to exec browser-sync script
14 verbose stack Error: verkefni6@0.6.0 browser-sync: `browser-sync start --server --files index.html styles.css`
14 verbose stack Exit status 3221225786
14 verbose stack     at EventEmitter.<anonymous> (C:\Program Files\nodejs\node_modules\npm\lib\utils\lifecycle.js:255:16)
14 verbose stack     at emitTwo (events.js:106:13)
14 verbose stack     at EventEmitter.emit (events.js:191:7)
14 verbose stack     at ChildProcess.<anonymous> (C:\Program Files\nodejs\node_modules\npm\lib\utils\spawn.js:40:14)
14 verbose stack     at emitTwo (events.js:106:13)
14 verbose stack     at ChildProcess.emit (events.js:191:7)
14 verbose stack     at maybeClose (internal/child_process.js:920:16)
14 verbose stack     at Process.ChildProcess._handle.onexit (internal/child_process.js:230:5)
15 verbose pkgid verkefni6@0.6.0
16 verbose cwd C:\Users\Hörn\Documents\Skólinn\HÍ\4. ár\7. misseri\Vefforritun\stortverkefni1vefforritun
17 error Windows_NT 6.1.7601
18 error argv "C:\\Program Files\\nodejs\\node.exe" "C:\\Program Files\\nodejs\\node_modules\\npm\\bin\\npm-cli.js" "run" "browser-sync"
19 error node v6.11.3
20 error npm  v3.10.10
21 error code ELIFECYCLE
22 error verkefni6@0.6.0 browser-sync: `browser-sync start --server --files index.html styles.css`
22 error Exit status 3221225786
23 error Failed at the verkefni6@0.6.0 browser-sync script 'browser-sync start --server --files index.html styles.css'.
23 error Make sure you have the latest version of node.js and npm installed.
23 error If you do, this is most likely a problem with the verkefni6 package,
23 error not with npm itself.
23 error Tell the author that this fails on your system:
23 error     browser-sync start --server --files index.html styles.css
23 error You can get information on how to open an issue for this project with:
23 error     npm bugs verkefni6
23 error Or if that isn't available, you can get their info via:
23 error     npm owner ls verkefni6
23 error There is likely additional logging output above.
24 verbose exit [ 1, true ]
